2019-08-28 17:32:28 [main][AuthorizeApplication][50][INFO ]- Starting AuthorizeApplication on weiyoujingtingshan.local with PID 8845 (/Users/Haoyu/Documents/authorize/authorize/target/classes started by Haoyu in /Users/Haoyu/Documents/authorize/authorize)
2019-08-28 17:32:28 [main][AuthorizeApplication][651][INFO ]- The following profiles are active: dev
2019-08-28 17:32:30 [main][TomcatWebServer][90][INFO ]- Tomcat initialized with port(s): 8082 (http)
2019-08-28 17:32:30 [main][Http11NioProtocol][173][INFO ]- Initializing ProtocolHandler ["http-nio-8082"]
2019-08-28 17:32:30 [main][StandardService][173][INFO ]- Starting service [Tomcat]
2019-08-28 17:32:30 [main][StandardEngine][173][INFO ]- Starting Servlet engine: [Apache Tomcat/9.0.22]
2019-08-28 17:32:30 [main][[/]][173][INFO ]- Initializing Spring embedded WebApplicationContext
2019-08-28 17:32:30 [main][ContextLoader][284][INFO ]- Root WebApplicationContext: initialization completed in 1975 ms
2019-08-28 17:32:32 [main][ThreadPoolTaskExecutor][171][INFO ]- Initializing ExecutorService 'applicationTaskExecutor'
2019-08-28 17:32:32 [main][WelcomePageHandlerMapping][54][INFO ]- Adding welcome page: class path resource [static/index.html]
2019-08-28 17:32:32 [MaterialTask][MaterialTask][202][INFO ]- daemon:true,poolSize:5
2019-08-28 17:32:32 [TokenManager][TokenManager][53][INFO ]- daemon:true,poolSize:5
2019-08-28 17:32:32 [main][Http11NioProtocol][173][INFO ]- Starting ProtocolHandler ["http-nio-8082"]
2019-08-28 17:32:32 [TokenManager][HikariDataSource][110][INFO ]- HikariPool-1 - Starting...
2019-08-28 17:32:32 [TokenManager][DriverDataSource][68][WARN ]- Registered driver with driverClassName=com.mysql.jdbc.Driver was not found, trying direct instantiation.
2019-08-28 17:32:32 [main][TomcatWebServer][202][INFO ]- Tomcat started on port(s): 8082 (http) with context path ''
2019-08-28 17:32:32 [main][AuthorizeApplication][59][INFO ]- Started AuthorizeApplication in 4.443 seconds (JVM running for 6.732)
2019-08-28 17:32:32 [TokenManager][HikariDataSource][123][INFO ]- HikariPool-1 - Start completed.
2019-08-28 17:32:32 [MaterialTask][MaterialTask][79][INFO ]- MaterialTask task start
2019-08-28 17:33:56 [Thread-15][ThreadPoolTaskExecutor][208][INFO ]- Shutting down ExecutorService 'applicationTaskExecutor'
2019-08-28 17:33:56 [Thread-15][HikariDataSource][350][INFO ]- HikariPool-1 - Shutdown initiated...
2019-08-28 17:33:56 [Thread-15][HikariDataSource][352][INFO ]- HikariPool-1 - Shutdown completed.
2019-08-28 17:34:04 [main][AuthorizeApplication][50][INFO ]- Starting AuthorizeApplication on weiyoujingtingshan.local with PID 8892 (/Users/Haoyu/Documents/authorize/authorize/target/classes started by Haoyu in /Users/Haoyu/Documents/authorize/authorize)
2019-08-28 17:34:04 [main][AuthorizeApplication][651][INFO ]- The following profiles are active: dev
2019-08-28 17:34:06 [main][TomcatWebServer][90][INFO ]- Tomcat initialized with port(s): 8082 (http)
2019-08-28 17:34:06 [main][Http11NioProtocol][173][INFO ]- Initializing ProtocolHandler ["http-nio-8082"]
2019-08-28 17:34:06 [main][StandardService][173][INFO ]- Starting service [Tomcat]
2019-08-28 17:34:06 [main][StandardEngine][173][INFO ]- Starting Servlet engine: [Apache Tomcat/9.0.22]
2019-08-28 17:34:06 [main][[/]][173][INFO ]- Initializing Spring embedded WebApplicationContext
2019-08-28 17:34:06 [main][ContextLoader][284][INFO ]- Root WebApplicationContext: initialization completed in 1819 ms
2019-08-28 17:34:07 [main][ThreadPoolTaskExecutor][171][INFO ]- Initializing ExecutorService 'applicationTaskExecutor'
2019-08-28 17:34:07 [main][WelcomePageHandlerMapping][54][INFO ]- Adding welcome page: class path resource [static/index.html]
2019-08-28 17:34:07 [TokenManager][TokenManager][53][INFO ]- daemon:true,poolSize:5
2019-08-28 17:34:07 [MaterialTask][MaterialTask][202][INFO ]- daemon:true,poolSize:5
2019-08-28 17:34:07 [main][Http11NioProtocol][173][INFO ]- Starting ProtocolHandler ["http-nio-8082"]
2019-08-28 17:34:07 [TokenManager][HikariDataSource][110][INFO ]- HikariPool-1 - Starting...
2019-08-28 17:34:07 [TokenManager][DriverDataSource][68][WARN ]- Registered driver with driverClassName=com.mysql.jdbc.Driver was not found, trying direct instantiation.
2019-08-28 17:34:07 [main][TomcatWebServer][202][INFO ]- Tomcat started on port(s): 8082 (http) with context path ''
2019-08-28 17:34:07 [main][AuthorizeApplication][59][INFO ]- Started AuthorizeApplication in 3.587 seconds (JVM running for 4.487)
2019-08-28 17:34:07 [TokenManager][HikariDataSource][123][INFO ]- HikariPool-1 - Start completed.
2019-08-28 17:34:07 [MaterialTask][MaterialTask][79][INFO ]- MaterialTask task start
2019-08-28 17:34:11 [Thread-12][ThreadPoolTaskExecutor][208][INFO ]- Shutting down ExecutorService 'applicationTaskExecutor'
2019-08-28 17:34:11 [Thread-12][HikariDataSource][350][INFO ]- HikariPool-1 - Shutdown initiated...
2019-08-28 17:34:11 [Thread-12][HikariDataSource][352][INFO ]- HikariPool-1 - Shutdown completed.
2019-08-28 17:36:16 [main][SpringBootTestContextBootstrapper][308][INFO ]- Neither @ContextConfiguration nor @ContextHierarchy found for test class [com.example.authorize.daotest.WeChatUserAccountInfoDaoTest], using SpringBootContextLoader
2019-08-28 17:36:16 [main][AbstractContextLoader][264][INFO ]- Could not detect default resource locations for test class [com.example.authorize.daotest.WeChatUserAccountInfoDaoTest]: no resource found for suffixes {-context.xml, Context.groovy}.
2019-08-28 17:36:16 [main][AnnotationConfigContextLoaderUtils][83][INFO ]- Could not detect default configuration classes for test class [com.example.authorize.daotest.WeChatUserAccountInfoDaoTest]: WeChatUserAccountInfoDaoTest does not declare any static, non-private, non-final, nested classes annotated with @Configuration.
2019-08-28 17:36:17 [main][SpringBootTestContextBootstrapper][235][INFO ]- Found @SpringBootConfiguration com.example.authorize.AuthorizeApplication for test class com.example.authorize.daotest.WeChatUserAccountInfoDaoTest
2019-08-28 17:36:17 [main][SpringBootTestContextBootstrapper][248][INFO ]- Loaded default TestExecutionListener class names from location [META-INF/spring.factories]: [org.springframework.boot.test.mock.mockito.MockitoTestExecutionListener, org.springframework.boot.test.mock.mockito.ResetMocksTestExecutionListener, org.springframework.boot.test.autoconfigure.restdocs.RestDocsTestExecutionListener, org.springframework.boot.test.autoconfigure.web.client.MockRestServiceServerResetTestExecutionListener, org.springframework.boot.test.autoconfigure.web.servlet.MockMvcPrintOnlyOnFailureTestExecutionListener, org.springframework.boot.test.autoconfigure.web.servlet.WebDriverTestExecutionListener, org.springframework.test.context.web.ServletTestExecutionListener, org.springframework.test.context.support.DirtiesContextBeforeModesTestExecutionListener, org.springframework.test.context.support.DependencyInjectionTestExecutionListener, org.springframework.test.context.support.DirtiesContextTestExecutionListener, org.springframework.test.context.transaction.TransactionalTestExecutionListener, org.springframework.test.context.jdbc.SqlScriptsTestExecutionListener]
2019-08-28 17:36:17 [main][SpringBootTestContextBootstrapper][177][INFO ]- Using TestExecutionListeners: [org.springframework.test.context.web.ServletTestExecutionListener@2177849e, org.springframework.test.context.support.DirtiesContextBeforeModesTestExecutionListener@40cb8df7, org.springframework.boot.test.mock.mockito.MockitoTestExecutionListener@13b13b5d, org.springframework.boot.test.autoconfigure.SpringBootDependencyInjectionTestExecutionListener@2892dae4, org.springframework.test.context.support.DirtiesContextTestExecutionListener@355ce81c, org.springframework.test.context.transaction.TransactionalTestExecutionListener@29647f75, org.springframework.test.context.jdbc.SqlScriptsTestExecutionListener@3315d2d7, org.springframework.boot.test.mock.mockito.ResetMocksTestExecutionListener@d6e7bab, org.springframework.boot.test.autoconfigure.restdocs.RestDocsTestExecutionListener@5fa07e12, org.springframework.boot.test.autoconfigure.web.client.MockRestServiceServerResetTestExecutionListener@55b53d44, org.springframework.boot.test.autoconfigure.web.servlet.MockMvcPrintOnlyOnFailureTestExecutionListener@482bce4f, org.springframework.boot.test.autoconfigure.web.servlet.WebDriverTestExecutionListener@366647c2]
2019-08-28 17:36:18 [main][WeChatUserAccountInfoDaoTest][50][INFO ]- Starting WeChatUserAccountInfoDaoTest on weiyoujingtingshan.local with PID 8915 (started by Haoyu in /Users/Haoyu/Documents/authorize/authorize)
2019-08-28 17:36:18 [main][WeChatUserAccountInfoDaoTest][651][INFO ]- The following profiles are active: dev
2019-08-28 17:36:23 [main][ThreadPoolTaskExecutor][171][INFO ]- Initializing ExecutorService 'applicationTaskExecutor'
2019-08-28 17:36:23 [main][WelcomePageHandlerMapping][54][INFO ]- Adding welcome page: class path resource [static/index.html]
2019-08-28 17:36:23 [main][WeChatUserAccountInfoDaoTest][59][INFO ]- Started WeChatUserAccountInfoDaoTest in 6.129 seconds (JVM running for 8.239)
2019-08-28 17:36:24 [main][HikariDataSource][110][INFO ]- HikariPool-1 - Starting...
2019-08-28 17:36:24 [main][DriverDataSource][68][WARN ]- Registered driver with driverClassName=com.mysql.jdbc.Driver was not found, trying direct instantiation.
2019-08-28 17:36:24 [main][HikariDataSource][123][INFO ]- HikariPool-1 - Start completed.
2019-08-28 17:36:24 [Thread-2][ThreadPoolTaskExecutor][208][INFO ]- Shutting down ExecutorService 'applicationTaskExecutor'
2019-08-28 17:36:24 [Thread-2][HikariDataSource][350][INFO ]- HikariPool-1 - Shutdown initiated...
2019-08-28 17:36:24 [Thread-2][HikariDataSource][352][INFO ]- HikariPool-1 - Shutdown completed.
2019-08-28 17:37:49 [main][SpringBootTestContextBootstrapper][308][INFO ]- Neither @ContextConfiguration nor @ContextHierarchy found for test class [com.example.authorize.daotest.WeChatUserAccountInfoDaoTest], using SpringBootContextLoader
2019-08-28 17:37:49 [main][AbstractContextLoader][264][INFO ]- Could not detect default resource locations for test class [com.example.authorize.daotest.WeChatUserAccountInfoDaoTest]: no resource found for suffixes {-context.xml, Context.groovy}.
2019-08-28 17:37:49 [main][AnnotationConfigContextLoaderUtils][83][INFO ]- Could not detect default configuration classes for test class [com.example.authorize.daotest.WeChatUserAccountInfoDaoTest]: WeChatUserAccountInfoDaoTest does not declare any static, non-private, non-final, nested classes annotated with @Configuration.
2019-08-28 17:37:49 [main][SpringBootTestContextBootstrapper][235][INFO ]- Found @SpringBootConfiguration com.example.authorize.AuthorizeApplication for test class com.example.authorize.daotest.WeChatUserAccountInfoDaoTest
2019-08-28 17:37:50 [main][SpringBootTestContextBootstrapper][248][INFO ]- Loaded default TestExecutionListener class names from location [META-INF/spring.factories]: [org.springframework.boot.test.mock.mockito.MockitoTestExecutionListener, org.springframework.boot.test.mock.mockito.ResetMocksTestExecutionListener, org.springframework.boot.test.autoconfigure.restdocs.RestDocsTestExecutionListener, org.springframework.boot.test.autoconfigure.web.client.MockRestServiceServerResetTestExecutionListener, org.springframework.boot.test.autoconfigure.web.servlet.MockMvcPrintOnlyOnFailureTestExecutionListener, org.springframework.boot.test.autoconfigure.web.servlet.WebDriverTestExecutionListener, org.springframework.test.context.web.ServletTestExecutionListener, org.springframework.test.context.support.DirtiesContextBeforeModesTestExecutionListener, org.springframework.test.context.support.DependencyInjectionTestExecutionListener, org.springframework.test.context.support.DirtiesContextTestExecutionListener, org.springframework.test.context.transaction.TransactionalTestExecutionListener, org.springframework.test.context.jdbc.SqlScriptsTestExecutionListener]
2019-08-28 17:37:50 [main][SpringBootTestContextBootstrapper][177][INFO ]- Using TestExecutionListeners: [org.springframework.test.context.web.ServletTestExecutionListener@2177849e, org.springframework.test.context.support.DirtiesContextBeforeModesTestExecutionListener@40cb8df7, org.springframework.boot.test.mock.mockito.MockitoTestExecutionListener@13b13b5d, org.springframework.boot.test.autoconfigure.SpringBootDependencyInjectionTestExecutionListener@2892dae4, org.springframework.test.context.support.DirtiesContextTestExecutionListener@355ce81c, org.springframework.test.context.transaction.TransactionalTestExecutionListener@29647f75, org.springframework.test.context.jdbc.SqlScriptsTestExecutionListener@3315d2d7, org.springframework.boot.test.mock.mockito.ResetMocksTestExecutionListener@d6e7bab, org.springframework.boot.test.autoconfigure.restdocs.RestDocsTestExecutionListener@5fa07e12, org.springframework.boot.test.autoconfigure.web.client.MockRestServiceServerResetTestExecutionListener@55b53d44, org.springframework.boot.test.autoconfigure.web.servlet.MockMvcPrintOnlyOnFailureTestExecutionListener@482bce4f, org.springframework.boot.test.autoconfigure.web.servlet.WebDriverTestExecutionListener@366647c2]
2019-08-28 17:37:51 [main][WeChatUserAccountInfoDaoTest][50][INFO ]- Starting WeChatUserAccountInfoDaoTest on weiyoujingtingshan.local with PID 8923 (started by Haoyu in /Users/Haoyu/Documents/authorize/authorize)
2019-08-28 17:37:51 [main][WeChatUserAccountInfoDaoTest][651][INFO ]- The following profiles are active: dev
2019-08-28 17:37:55 [main][ThreadPoolTaskExecutor][171][INFO ]- Initializing ExecutorService 'applicationTaskExecutor'
2019-08-28 17:37:56 [main][WelcomePageHandlerMapping][54][INFO ]- Adding welcome page: class path resource [static/index.html]
2019-08-28 17:37:56 [main][WeChatUserAccountInfoDaoTest][59][INFO ]- Started WeChatUserAccountInfoDaoTest in 6.245 seconds (JVM running for 8.704)
2019-08-28 17:37:57 [main][HikariDataSource][110][INFO ]- HikariPool-1 - Starting...
2019-08-28 17:37:57 [main][DriverDataSource][68][WARN ]- Registered driver with driverClassName=com.mysql.jdbc.Driver was not found, trying direct instantiation.
2019-08-28 17:37:57 [main][HikariDataSource][123][INFO ]- HikariPool-1 - Start completed.
2019-08-28 17:37:57 [Thread-2][ThreadPoolTaskExecutor][208][INFO ]- Shutting down ExecutorService 'applicationTaskExecutor'
2019-08-28 17:37:57 [Thread-2][HikariDataSource][350][INFO ]- HikariPool-1 - Shutdown initiated...
2019-08-28 17:37:57 [Thread-2][HikariDataSource][352][INFO ]- HikariPool-1 - Shutdown completed.
2019-08-28 17:40:48 [main][SpringBootTestContextBootstrapper][308][INFO ]- Neither @ContextConfiguration nor @ContextHierarchy found for test class [com.example.authorize.daotest.WeChatUserAccountInfoDaoTest], using SpringBootContextLoader
2019-08-28 17:40:48 [main][AbstractContextLoader][264][INFO ]- Could not detect default resource locations for test class [com.example.authorize.daotest.WeChatUserAccountInfoDaoTest]: no resource found for suffixes {-context.xml, Context.groovy}.
2019-08-28 17:40:48 [main][AnnotationConfigContextLoaderUtils][83][INFO ]- Could not detect default configuration classes for test class [com.example.authorize.daotest.WeChatUserAccountInfoDaoTest]: WeChatUserAccountInfoDaoTest does not declare any static, non-private, non-final, nested classes annotated with @Configuration.
2019-08-28 17:40:48 [main][SpringBootTestContextBootstrapper][235][INFO ]- Found @SpringBootConfiguration com.example.authorize.AuthorizeApplication for test class com.example.authorize.daotest.WeChatUserAccountInfoDaoTest
2019-08-28 17:40:48 [main][SpringBootTestContextBootstrapper][248][INFO ]- Loaded default TestExecutionListener class names from location [META-INF/spring.factories]: [org.springframework.boot.test.mock.mockito.MockitoTestExecutionListener, org.springframework.boot.test.mock.mockito.ResetMocksTestExecutionListener, org.springframework.boot.test.autoconfigure.restdocs.RestDocsTestExecutionListener, org.springframework.boot.test.autoconfigure.web.client.MockRestServiceServerResetTestExecutionListener, org.springframework.boot.test.autoconfigure.web.servlet.MockMvcPrintOnlyOnFailureTestExecutionListener, org.springframework.boot.test.autoconfigure.web.servlet.WebDriverTestExecutionListener, org.springframework.test.context.web.ServletTestExecutionListener, org.springframework.test.context.support.DirtiesContextBeforeModesTestExecutionListener, org.springframework.test.context.support.DependencyInjectionTestExecutionListener, org.springframework.test.context.support.DirtiesContextTestExecutionListener, org.springframework.test.context.transaction.TransactionalTestExecutionListener, org.springframework.test.context.jdbc.SqlScriptsTestExecutionListener]
2019-08-28 17:40:48 [main][SpringBootTestContextBootstrapper][177][INFO ]- Using TestExecutionListeners: [org.springframework.test.context.web.ServletTestExecutionListener@2177849e, org.springframework.test.context.support.DirtiesContextBeforeModesTestExecutionListener@40cb8df7, org.springframework.boot.test.mock.mockito.MockitoTestExecutionListener@13b13b5d, org.springframework.boot.test.autoconfigure.SpringBootDependencyInjectionTestExecutionListener@2892dae4, org.springframework.test.context.support.DirtiesContextTestExecutionListener@355ce81c, org.springframework.test.context.transaction.TransactionalTestExecutionListener@29647f75, org.springframework.test.context.jdbc.SqlScriptsTestExecutionListener@3315d2d7, org.springframework.boot.test.mock.mockito.ResetMocksTestExecutionListener@d6e7bab, org.springframework.boot.test.autoconfigure.restdocs.RestDocsTestExecutionListener@5fa07e12, org.springframework.boot.test.autoconfigure.web.client.MockRestServiceServerResetTestExecutionListener@55b53d44, org.springframework.boot.test.autoconfigure.web.servlet.MockMvcPrintOnlyOnFailureTestExecutionListener@482bce4f, org.springframework.boot.test.autoconfigure.web.servlet.WebDriverTestExecutionListener@366647c2]
2019-08-28 17:40:49 [main][WeChatUserAccountInfoDaoTest][50][INFO ]- Starting WeChatUserAccountInfoDaoTest on weiyoujingtingshan.local with PID 8936 (started by Haoyu in /Users/Haoyu/Documents/authorize/authorize)
2019-08-28 17:40:49 [main][WeChatUserAccountInfoDaoTest][651][INFO ]- The following profiles are active: dev
2019-08-28 17:40:54 [main][ThreadPoolTaskExecutor][171][INFO ]- Initializing ExecutorService 'applicationTaskExecutor'
2019-08-28 17:40:54 [main][WelcomePageHandlerMapping][54][INFO ]- Adding welcome page: class path resource [static/index.html]
2019-08-28 17:40:54 [main][WeChatUserAccountInfoDaoTest][59][INFO ]- Started WeChatUserAccountInfoDaoTest in 5.921 seconds (JVM running for 8.126)
2019-08-28 17:40:55 [main][HikariDataSource][110][INFO ]- HikariPool-1 - Starting...
2019-08-28 17:40:55 [main][DriverDataSource][68][WARN ]- Registered driver with driverClassName=com.mysql.jdbc.Driver was not found, trying direct instantiation.
2019-08-28 17:40:55 [main][HikariDataSource][123][INFO ]- HikariPool-1 - Start completed.
2019-08-28 17:40:55 [Thread-2][ThreadPoolTaskExecutor][208][INFO ]- Shutting down ExecutorService 'applicationTaskExecutor'
2019-08-28 17:40:55 [Thread-2][HikariDataSource][350][INFO ]- HikariPool-1 - Shutdown initiated...
2019-08-28 17:40:55 [Thread-2][HikariDataSource][352][INFO ]- HikariPool-1 - Shutdown completed.
2019-08-28 17:43:05 [main][SpringBootTestContextBootstrapper][308][INFO ]- Neither @ContextConfiguration nor @ContextHierarchy found for test class [com.example.authorize.daotest.WeChatUserAccountInfoDaoTest], using SpringBootContextLoader
2019-08-28 17:43:05 [main][AbstractContextLoader][264][INFO ]- Could not detect default resource locations for test class [com.example.authorize.daotest.WeChatUserAccountInfoDaoTest]: no resource found for suffixes {-context.xml, Context.groovy}.
2019-08-28 17:43:05 [main][AnnotationConfigContextLoaderUtils][83][INFO ]- Could not detect default configuration classes for test class [com.example.authorize.daotest.WeChatUserAccountInfoDaoTest]: WeChatUserAccountInfoDaoTest does not declare any static, non-private, non-final, nested classes annotated with @Configuration.
2019-08-28 17:43:06 [main][SpringBootTestContextBootstrapper][235][INFO ]- Found @SpringBootConfiguration com.example.authorize.AuthorizeApplication for test class com.example.authorize.daotest.WeChatUserAccountInfoDaoTest
2019-08-28 17:43:06 [main][SpringBootTestContextBootstrapper][248][INFO ]- Loaded default TestExecutionListener class names from location [META-INF/spring.factories]: [org.springframework.boot.test.mock.mockito.MockitoTestExecutionListener, org.springframework.boot.test.mock.mockito.ResetMocksTestExecutionListener, org.springframework.boot.test.autoconfigure.restdocs.RestDocsTestExecutionListener, org.springframework.boot.test.autoconfigure.web.client.MockRestServiceServerResetTestExecutionListener, org.springframework.boot.test.autoconfigure.web.servlet.MockMvcPrintOnlyOnFailureTestExecutionListener, org.springframework.boot.test.autoconfigure.web.servlet.WebDriverTestExecutionListener, org.springframework.test.context.web.ServletTestExecutionListener, org.springframework.test.context.support.DirtiesContextBeforeModesTestExecutionListener, org.springframework.test.context.support.DependencyInjectionTestExecutionListener, org.springframework.test.context.support.DirtiesContextTestExecutionListener, org.springframework.test.context.transaction.TransactionalTestExecutionListener, org.springframework.test.context.jdbc.SqlScriptsTestExecutionListener]
2019-08-28 17:43:06 [main][SpringBootTestContextBootstrapper][177][INFO ]- Using TestExecutionListeners: [org.springframework.test.context.web.ServletTestExecutionListener@2177849e, org.springframework.test.context.support.DirtiesContextBeforeModesTestExecutionListener@40cb8df7, org.springframework.boot.test.mock.mockito.MockitoTestExecutionListener@13b13b5d, org.springframework.boot.test.autoconfigure.SpringBootDependencyInjectionTestExecutionListener@2892dae4, org.springframework.test.context.support.DirtiesContextTestExecutionListener@355ce81c, org.springframework.test.context.transaction.TransactionalTestExecutionListener@29647f75, org.springframework.test.context.jdbc.SqlScriptsTestExecutionListener@3315d2d7, org.springframework.boot.test.mock.mockito.ResetMocksTestExecutionListener@d6e7bab, org.springframework.boot.test.autoconfigure.restdocs.RestDocsTestExecutionListener@5fa07e12, org.springframework.boot.test.autoconfigure.web.client.MockRestServiceServerResetTestExecutionListener@55b53d44, org.springframework.boot.test.autoconfigure.web.servlet.MockMvcPrintOnlyOnFailureTestExecutionListener@482bce4f, org.springframework.boot.test.autoconfigure.web.servlet.WebDriverTestExecutionListener@366647c2]
2019-08-28 17:43:07 [main][WeChatUserAccountInfoDaoTest][50][INFO ]- Starting WeChatUserAccountInfoDaoTest on weiyoujingtingshan.local with PID 8943 (started by Haoyu in /Users/Haoyu/Documents/authorize/authorize)
2019-08-28 17:43:07 [main][WeChatUserAccountInfoDaoTest][651][INFO ]- The following profiles are active: dev
2019-08-28 17:43:11 [main][ThreadPoolTaskExecutor][171][INFO ]- Initializing ExecutorService 'applicationTaskExecutor'
2019-08-28 17:43:12 [main][WelcomePageHandlerMapping][54][INFO ]- Adding welcome page: class path resource [static/index.html]
2019-08-28 17:43:12 [main][WeChatUserAccountInfoDaoTest][59][INFO ]- Started WeChatUserAccountInfoDaoTest in 5.846 seconds (JVM running for 7.753)
2019-08-28 17:43:12 [main][HikariDataSource][110][INFO ]- HikariPool-1 - Starting...
2019-08-28 17:43:12 [main][DriverDataSource][68][WARN ]- Registered driver with driverClassName=com.mysql.jdbc.Driver was not found, trying direct instantiation.
2019-08-28 17:43:13 [main][HikariDataSource][123][INFO ]- HikariPool-1 - Start completed.
2019-08-28 17:43:13 [Thread-2][ThreadPoolTaskExecutor][208][INFO ]- Shutting down ExecutorService 'applicationTaskExecutor'
2019-08-28 17:43:13 [Thread-2][HikariDataSource][350][INFO ]- HikariPool-1 - Shutdown initiated...
2019-08-28 17:43:13 [Thread-2][HikariDataSource][352][INFO ]- HikariPool-1 - Shutdown completed.
2019-08-28 17:43:24 [main][SpringBootTestContextBootstrapper][308][INFO ]- Neither @ContextConfiguration nor @ContextHierarchy found for test class [com.example.authorize.daotest.WeChatUserAccountInfoDaoTest], using SpringBootContextLoader
2019-08-28 17:43:24 [main][AbstractContextLoader][264][INFO ]- Could not detect default resource locations for test class [com.example.authorize.daotest.WeChatUserAccountInfoDaoTest]: no resource found for suffixes {-context.xml, Context.groovy}.
2019-08-28 17:43:24 [main][AnnotationConfigContextLoaderUtils][83][INFO ]- Could not detect default configuration classes for test class [com.example.authorize.daotest.WeChatUserAccountInfoDaoTest]: WeChatUserAccountInfoDaoTest does not declare any static, non-private, non-final, nested classes annotated with @Configuration.
2019-08-28 17:43:24 [main][SpringBootTestContextBootstrapper][235][INFO ]- Found @SpringBootConfiguration com.example.authorize.AuthorizeApplication for test class com.example.authorize.daotest.WeChatUserAccountInfoDaoTest
2019-08-28 17:43:25 [main][SpringBootTestContextBootstrapper][248][INFO ]- Loaded default TestExecutionListener class names from location [META-INF/spring.factories]: [org.springframework.boot.test.mock.mockito.MockitoTestExecutionListener, org.springframework.boot.test.mock.mockito.ResetMocksTestExecutionListener, org.springframework.boot.test.autoconfigure.restdocs.RestDocsTestExecutionListener, org.springframework.boot.test.autoconfigure.web.client.MockRestServiceServerResetTestExecutionListener, org.springframework.boot.test.autoconfigure.web.servlet.MockMvcPrintOnlyOnFailureTestExecutionListener, org.springframework.boot.test.autoconfigure.web.servlet.WebDriverTestExecutionListener, org.springframework.test.context.web.ServletTestExecutionListener, org.springframework.test.context.support.DirtiesContextBeforeModesTestExecutionListener, org.springframework.test.context.support.DependencyInjectionTestExecutionListener, org.springframework.test.context.support.DirtiesContextTestExecutionListener, org.springframework.test.context.transaction.TransactionalTestExecutionListener, org.springframework.test.context.jdbc.SqlScriptsTestExecutionListener]
2019-08-28 17:43:25 [main][SpringBootTestContextBootstrapper][177][INFO ]- Using TestExecutionListeners: [org.springframework.test.context.web.ServletTestExecutionListener@2177849e, org.springframework.test.context.support.DirtiesContextBeforeModesTestExecutionListener@40cb8df7, org.springframework.boot.test.mock.mockito.MockitoTestExecutionListener@13b13b5d, org.springframework.boot.test.autoconfigure.SpringBootDependencyInjectionTestExecutionListener@2892dae4, org.springframework.test.context.support.DirtiesContextTestExecutionListener@355ce81c, org.springframework.test.context.transaction.TransactionalTestExecutionListener@29647f75, org.springframework.test.context.jdbc.SqlScriptsTestExecutionListener@3315d2d7, org.springframework.boot.test.mock.mockito.ResetMocksTestExecutionListener@d6e7bab, org.springframework.boot.test.autoconfigure.restdocs.RestDocsTestExecutionListener@5fa07e12, org.springframework.boot.test.autoconfigure.web.client.MockRestServiceServerResetTestExecutionListener@55b53d44, org.springframework.boot.test.autoconfigure.web.servlet.MockMvcPrintOnlyOnFailureTestExecutionListener@482bce4f, org.springframework.boot.test.autoconfigure.web.servlet.WebDriverTestExecutionListener@366647c2]
2019-08-28 17:43:26 [main][WeChatUserAccountInfoDaoTest][50][INFO ]- Starting WeChatUserAccountInfoDaoTest on weiyoujingtingshan.local with PID 8947 (started by Haoyu in /Users/Haoyu/Documents/authorize/authorize)
2019-08-28 17:43:26 [main][WeChatUserAccountInfoDaoTest][651][INFO ]- The following profiles are active: dev
2019-08-28 17:43:30 [main][ThreadPoolTaskExecutor][171][INFO ]- Initializing ExecutorService 'applicationTaskExecutor'
2019-08-28 17:43:30 [main][WelcomePageHandlerMapping][54][INFO ]- Adding welcome page: class path resource [static/index.html]
2019-08-28 17:43:31 [main][WeChatUserAccountInfoDaoTest][59][INFO ]- Started WeChatUserAccountInfoDaoTest in 5.869 seconds (JVM running for 7.729)
2019-08-28 17:43:31 [main][HikariDataSource][110][INFO ]- HikariPool-1 - Starting...
2019-08-28 17:43:31 [main][DriverDataSource][68][WARN ]- Registered driver with driverClassName=com.mysql.jdbc.Driver was not found, trying direct instantiation.
2019-08-28 17:43:32 [main][HikariDataSource][123][INFO ]- HikariPool-1 - Start completed.
2019-08-28 17:43:32 [Thread-2][ThreadPoolTaskExecutor][208][INFO ]- Shutting down ExecutorService 'applicationTaskExecutor'
2019-08-28 17:43:32 [Thread-2][HikariDataSource][350][INFO ]- HikariPool-1 - Shutdown initiated...
2019-08-28 17:43:32 [Thread-2][HikariDataSource][352][INFO ]- HikariPool-1 - Shutdown completed.
2019-08-28 17:45:40 [main][SpringBootTestContextBootstrapper][308][INFO ]- Neither @ContextConfiguration nor @ContextHierarchy found for test class [com.example.authorize.daotest.WeChatUserAccountInfoDaoTest], using SpringBootContextLoader
2019-08-28 17:45:40 [main][AbstractContextLoader][264][INFO ]- Could not detect default resource locations for test class [com.example.authorize.daotest.WeChatUserAccountInfoDaoTest]: no resource found for suffixes {-context.xml, Context.groovy}.
2019-08-28 17:45:40 [main][AnnotationConfigContextLoaderUtils][83][INFO ]- Could not detect default configuration classes for test class [com.example.authorize.daotest.WeChatUserAccountInfoDaoTest]: WeChatUserAccountInfoDaoTest does not declare any static, non-private, non-final, nested classes annotated with @Configuration.
2019-08-28 17:45:41 [main][SpringBootTestContextBootstrapper][235][INFO ]- Found @SpringBootConfiguration com.example.authorize.AuthorizeApplication for test class com.example.authorize.daotest.WeChatUserAccountInfoDaoTest
2019-08-28 17:45:41 [main][SpringBootTestContextBootstrapper][248][INFO ]- Loaded default TestExecutionListener class names from location [META-INF/spring.factories]: [org.springframework.boot.test.mock.mockito.MockitoTestExecutionListener, org.springframework.boot.test.mock.mockito.ResetMocksTestExecutionListener, org.springframework.boot.test.autoconfigure.restdocs.RestDocsTestExecutionListener, org.springframework.boot.test.autoconfigure.web.client.MockRestServiceServerResetTestExecutionListener, org.springframework.boot.test.autoconfigure.web.servlet.MockMvcPrintOnlyOnFailureTestExecutionListener, org.springframework.boot.test.autoconfigure.web.servlet.WebDriverTestExecutionListener, org.springframework.test.context.web.ServletTestExecutionListener, org.springframework.test.context.support.DirtiesContextBeforeModesTestExecutionListener, org.springframework.test.context.support.DependencyInjectionTestExecutionListener, org.springframework.test.context.support.DirtiesContextTestExecutionListener, org.springframework.test.context.transaction.TransactionalTestExecutionListener, org.springframework.test.context.jdbc.SqlScriptsTestExecutionListener]
2019-08-28 17:45:41 [main][SpringBootTestContextBootstrapper][177][INFO ]- Using TestExecutionListeners: [org.springframework.test.context.web.ServletTestExecutionListener@2177849e, org.springframework.test.context.support.DirtiesContextBeforeModesTestExecutionListener@40cb8df7, org.springframework.boot.test.mock.mockito.MockitoTestExecutionListener@13b13b5d, org.springframework.boot.test.autoconfigure.SpringBootDependencyInjectionTestExecutionListener@2892dae4, org.springframework.test.context.support.DirtiesContextTestExecutionListener@355ce81c, org.springframework.test.context.transaction.TransactionalTestExecutionListener@29647f75, org.springframework.test.context.jdbc.SqlScriptsTestExecutionListener@3315d2d7, org.springframework.boot.test.mock.mockito.ResetMocksTestExecutionListener@d6e7bab, org.springframework.boot.test.autoconfigure.restdocs.RestDocsTestExecutionListener@5fa07e12, org.springframework.boot.test.autoconfigure.web.client.MockRestServiceServerResetTestExecutionListener@55b53d44, org.springframework.boot.test.autoconfigure.web.servlet.MockMvcPrintOnlyOnFailureTestExecutionListener@482bce4f, org.springframework.boot.test.autoconfigure.web.servlet.WebDriverTestExecutionListener@366647c2]
2019-08-28 17:45:42 [main][WeChatUserAccountInfoDaoTest][50][INFO ]- Starting WeChatUserAccountInfoDaoTest on weiyoujingtingshan.local with PID 8996 (started by Haoyu in /Users/Haoyu/Documents/authorize/authorize)
2019-08-28 17:45:42 [main][WeChatUserAccountInfoDaoTest][651][INFO ]- The following profiles are active: dev
2019-08-28 17:45:46 [main][ThreadPoolTaskExecutor][171][INFO ]- Initializing ExecutorService 'applicationTaskExecutor'
2019-08-28 17:45:47 [main][WelcomePageHandlerMapping][54][INFO ]- Adding welcome page: class path resource [static/index.html]
2019-08-28 17:45:47 [main][WeChatUserAccountInfoDaoTest][59][INFO ]- Started WeChatUserAccountInfoDaoTest in 6.202 seconds (JVM running for 8.5)
2019-08-28 17:45:48 [main][HikariDataSource][110][INFO ]- HikariPool-1 - Starting...
2019-08-28 17:45:48 [main][DriverDataSource][68][WARN ]- Registered driver with driverClassName=com.mysql.jdbc.Driver was not found, trying direct instantiation.
2019-08-28 17:45:48 [main][HikariDataSource][123][INFO ]- HikariPool-1 - Start completed.
2019-08-28 17:45:48 [Thread-2][ThreadPoolTaskExecutor][208][INFO ]- Shutting down ExecutorService 'applicationTaskExecutor'
2019-08-28 17:45:48 [Thread-2][HikariDataSource][350][INFO ]- HikariPool-1 - Shutdown initiated...
2019-08-28 17:45:48 [Thread-2][HikariDataSource][352][INFO ]- HikariPool-1 - Shutdown completed.
2019-08-28 17:46:10 [main][SpringBootTestContextBootstrapper][308][INFO ]- Neither @ContextConfiguration nor @ContextHierarchy found for test class [com.example.authorize.daotest.WeChatUserAccountInfoDaoTest], using SpringBootContextLoader
2019-08-28 17:46:10 [main][AbstractContextLoader][264][INFO ]- Could not detect default resource locations for test class [com.example.authorize.daotest.WeChatUserAccountInfoDaoTest]: no resource found for suffixes {-context.xml, Context.groovy}.
2019-08-28 17:46:10 [main][AnnotationConfigContextLoaderUtils][83][INFO ]- Could not detect default configuration classes for test class [com.example.authorize.daotest.WeChatUserAccountInfoDaoTest]: WeChatUserAccountInfoDaoTest does not declare any static, non-private, non-final, nested classes annotated with @Configuration.
2019-08-28 17:46:11 [main][SpringBootTestContextBootstrapper][235][INFO ]- Found @SpringBootConfiguration com.example.authorize.AuthorizeApplication for test class com.example.authorize.daotest.WeChatUserAccountInfoDaoTest
2019-08-28 17:46:12 [main][SpringBootTestContextBootstrapper][248][INFO ]- Loaded default TestExecutionListener class names from location [META-INF/spring.factories]: [org.springframework.boot.test.mock.mockito.MockitoTestExecutionListener, org.springframework.boot.test.mock.mockito.ResetMocksTestExecutionListener, org.springframework.boot.test.autoconfigure.restdocs.RestDocsTestExecutionListener, org.springframework.boot.test.autoconfigure.web.client.MockRestServiceServerResetTestExecutionListener, org.springframework.boot.test.autoconfigure.web.servlet.MockMvcPrintOnlyOnFailureTestExecutionListener, org.springframework.boot.test.autoconfigure.web.servlet.WebDriverTestExecutionListener, org.springframework.test.context.web.ServletTestExecutionListener, org.springframework.test.context.support.DirtiesContextBeforeModesTestExecutionListener, org.springframework.test.context.support.DependencyInjectionTestExecutionListener, org.springframework.test.context.support.DirtiesContextTestExecutionListener, org.springframework.test.context.transaction.TransactionalTestExecutionListener, org.springframework.test.context.jdbc.SqlScriptsTestExecutionListener]
2019-08-28 17:46:12 [main][SpringBootTestContextBootstrapper][177][INFO ]- Using TestExecutionListeners: [org.springframework.test.context.web.ServletTestExecutionListener@2177849e, org.springframework.test.context.support.DirtiesContextBeforeModesTestExecutionListener@40cb8df7, org.springframework.boot.test.mock.mockito.MockitoTestExecutionListener@13b13b5d, org.springframework.boot.test.autoconfigure.SpringBootDependencyInjectionTestExecutionListener@2892dae4, org.springframework.test.context.support.DirtiesContextTestExecutionListener@355ce81c, org.springframework.test.context.transaction.TransactionalTestExecutionListener@29647f75, org.springframework.test.context.jdbc.SqlScriptsTestExecutionListener@3315d2d7, org.springframework.boot.test.mock.mockito.ResetMocksTestExecutionListener@d6e7bab, org.springframework.boot.test.autoconfigure.restdocs.RestDocsTestExecutionListener@5fa07e12, org.springframework.boot.test.autoconfigure.web.client.MockRestServiceServerResetTestExecutionListener@55b53d44, org.springframework.boot.test.autoconfigure.web.servlet.MockMvcPrintOnlyOnFailureTestExecutionListener@482bce4f, org.springframework.boot.test.autoconfigure.web.servlet.WebDriverTestExecutionListener@366647c2]
2019-08-28 17:46:13 [main][WeChatUserAccountInfoDaoTest][50][INFO ]- Starting WeChatUserAccountInfoDaoTest on weiyoujingtingshan.local with PID 9001 (started by Haoyu in /Users/Haoyu/Documents/authorize/authorize)
2019-08-28 17:46:13 [main][WeChatUserAccountInfoDaoTest][651][INFO ]- The following profiles are active: dev
2019-08-28 17:46:19 [main][ThreadPoolTaskExecutor][171][INFO ]- Initializing ExecutorService 'applicationTaskExecutor'
2019-08-28 17:46:19 [main][WelcomePageHandlerMapping][54][INFO ]- Adding welcome page: class path resource [static/index.html]
2019-08-28 17:46:20 [main][WeChatUserAccountInfoDaoTest][59][INFO ]- Started WeChatUserAccountInfoDaoTest in 7.532 seconds (JVM running for 10.799)
2019-08-28 17:46:20 [main][HikariDataSource][110][INFO ]- HikariPool-1 - Starting...
2019-08-28 17:46:20 [main][DriverDataSource][68][WARN ]- Registered driver with driverClassName=com.mysql.jdbc.Driver was not found, trying direct instantiation.
2019-08-28 17:46:21 [main][HikariDataSource][123][INFO ]- HikariPool-1 - Start completed.
2019-08-28 17:46:21 [Thread-2][ThreadPoolTaskExecutor][208][INFO ]- Shutting down ExecutorService 'applicationTaskExecutor'
2019-08-28 17:46:21 [Thread-2][HikariDataSource][350][INFO ]- HikariPool-1 - Shutdown initiated...
2019-08-28 17:46:21 [Thread-2][HikariDataSource][352][INFO ]- HikariPool-1 - Shutdown completed.
2019-08-28 17:49:02 [main][SpringBootTestContextBootstrapper][308][INFO ]- Neither @ContextConfiguration nor @ContextHierarchy found for test class [com.example.authorize.daotest.WeChatUserAccountInfoDaoTest], using SpringBootContextLoader
2019-08-28 17:49:02 [main][AbstractContextLoader][264][INFO ]- Could not detect default resource locations for test class [com.example.authorize.daotest.WeChatUserAccountInfoDaoTest]: no resource found for suffixes {-context.xml, Context.groovy}.
2019-08-28 17:49:02 [main][AnnotationConfigContextLoaderUtils][83][INFO ]- Could not detect default configuration classes for test class [com.example.authorize.daotest.WeChatUserAccountInfoDaoTest]: WeChatUserAccountInfoDaoTest does not declare any static, non-private, non-final, nested classes annotated with @Configuration.
2019-08-28 17:49:02 [main][SpringBootTestContextBootstrapper][235][INFO ]- Found @SpringBootConfiguration com.example.authorize.AuthorizeApplication for test class com.example.authorize.daotest.WeChatUserAccountInfoDaoTest
2019-08-28 17:49:02 [main][SpringBootTestContextBootstrapper][248][INFO ]- Loaded default TestExecutionListener class names from location [META-INF/spring.factories]: [org.springframework.boot.test.mock.mockito.MockitoTestExecutionListener, org.springframework.boot.test.mock.mockito.ResetMocksTestExecutionListener, org.springframework.boot.test.autoconfigure.restdocs.RestDocsTestExecutionListener, org.springframework.boot.test.autoconfigure.web.client.MockRestServiceServerResetTestExecutionListener, org.springframework.boot.test.autoconfigure.web.servlet.MockMvcPrintOnlyOnFailureTestExecutionListener, org.springframework.boot.test.autoconfigure.web.servlet.WebDriverTestExecutionListener, org.springframework.test.context.web.ServletTestExecutionListener, org.springframework.test.context.support.DirtiesContextBeforeModesTestExecutionListener, org.springframework.test.context.support.DependencyInjectionTestExecutionListener, org.springframework.test.context.support.DirtiesContextTestExecutionListener, org.springframework.test.context.transaction.TransactionalTestExecutionListener, org.springframework.test.context.jdbc.SqlScriptsTestExecutionListener]
2019-08-28 17:49:02 [main][SpringBootTestContextBootstrapper][177][INFO ]- Using TestExecutionListeners: [org.springframework.test.context.web.ServletTestExecutionListener@2177849e, org.springframework.test.context.support.DirtiesContextBeforeModesTestExecutionListener@40cb8df7, org.springframework.boot.test.mock.mockito.MockitoTestExecutionListener@13b13b5d, org.springframework.boot.test.autoconfigure.SpringBootDependencyInjectionTestExecutionListener@2892dae4, org.springframework.test.context.support.DirtiesContextTestExecutionListener@355ce81c, org.springframework.test.context.transaction.TransactionalTestExecutionListener@29647f75, org.springframework.test.context.jdbc.SqlScriptsTestExecutionListener@3315d2d7, org.springframework.boot.test.mock.mockito.ResetMocksTestExecutionListener@d6e7bab, org.springframework.boot.test.autoconfigure.restdocs.RestDocsTestExecutionListener@5fa07e12, org.springframework.boot.test.autoconfigure.web.client.MockRestServiceServerResetTestExecutionListener@55b53d44, org.springframework.boot.test.autoconfigure.web.servlet.MockMvcPrintOnlyOnFailureTestExecutionListener@482bce4f, org.springframework.boot.test.autoconfigure.web.servlet.WebDriverTestExecutionListener@366647c2]
2019-08-28 17:49:03 [main][WeChatUserAccountInfoDaoTest][50][INFO ]- Starting WeChatUserAccountInfoDaoTest on weiyoujingtingshan.local with PID 9005 (started by Haoyu in /Users/Haoyu/Documents/authorize/authorize)
2019-08-28 17:49:03 [main][WeChatUserAccountInfoDaoTest][651][INFO ]- The following profiles are active: dev
2019-08-28 17:49:07 [main][ThreadPoolTaskExecutor][171][INFO ]- Initializing ExecutorService 'applicationTaskExecutor'
2019-08-28 17:49:08 [main][WelcomePageHandlerMapping][54][INFO ]- Adding welcome page: class path resource [static/index.html]
2019-08-28 17:49:08 [main][WeChatUserAccountInfoDaoTest][59][INFO ]- Started WeChatUserAccountInfoDaoTest in 5.984 seconds (JVM running for 7.935)
2019-08-28 17:49:09 [main][HikariDataSource][110][INFO ]- HikariPool-1 - Starting...
2019-08-28 17:49:09 [main][DriverDataSource][68][WARN ]- Registered driver with driverClassName=com.mysql.jdbc.Driver was not found, trying direct instantiation.
2019-08-28 17:49:09 [main][HikariDataSource][123][INFO ]- HikariPool-1 - Start completed.
2019-08-28 17:49:09 [Thread-2][ThreadPoolTaskExecutor][208][INFO ]- Shutting down ExecutorService 'applicationTaskExecutor'
2019-08-28 17:49:09 [Thread-2][HikariDataSource][350][INFO ]- HikariPool-1 - Shutdown initiated...
2019-08-28 17:49:09 [Thread-2][HikariDataSource][352][INFO ]- HikariPool-1 - Shutdown completed.
2019-08-28 17:53:00 [main][SpringBootTestContextBootstrapper][308][INFO ]- Neither @ContextConfiguration nor @ContextHierarchy found for test class [com.example.authorize.daotest.WeChatUserAccountInfoDaoTest], using SpringBootContextLoader
2019-08-28 17:53:00 [main][AbstractContextLoader][264][INFO ]- Could not detect default resource locations for test class [com.example.authorize.daotest.WeChatUserAccountInfoDaoTest]: no resource found for suffixes {-context.xml, Context.groovy}.
2019-08-28 17:53:00 [main][AnnotationConfigContextLoaderUtils][83][INFO ]- Could not detect default configuration classes for test class [com.example.authorize.daotest.WeChatUserAccountInfoDaoTest]: WeChatUserAccountInfoDaoTest does not declare any static, non-private, non-final, nested classes annotated with @Configuration.
2019-08-28 17:53:01 [main][SpringBootTestContextBootstrapper][235][INFO ]- Found @SpringBootConfiguration com.example.authorize.AuthorizeApplication for test class com.example.authorize.daotest.WeChatUserAccountInfoDaoTest
2019-08-28 17:53:01 [main][SpringBootTestContextBootstrapper][248][INFO ]- Loaded default TestExecutionListener class names from location [META-INF/spring.factories]: [org.springframework.boot.test.mock.mockito.MockitoTestExecutionListener, org.springframework.boot.test.mock.mockito.ResetMocksTestExecutionListener, org.springframework.boot.test.autoconfigure.restdocs.RestDocsTestExecutionListener, org.springframework.boot.test.autoconfigure.web.client.MockRestServiceServerResetTestExecutionListener, org.springframework.boot.test.autoconfigure.web.servlet.MockMvcPrintOnlyOnFailureTestExecutionListener, org.springframework.boot.test.autoconfigure.web.servlet.WebDriverTestExecutionListener, org.springframework.test.context.web.ServletTestExecutionListener, org.springframework.test.context.support.DirtiesContextBeforeModesTestExecutionListener, org.springframework.test.context.support.DependencyInjectionTestExecutionListener, org.springframework.test.context.support.DirtiesContextTestExecutionListener, org.springframework.test.context.transaction.TransactionalTestExecutionListener, org.springframework.test.context.jdbc.SqlScriptsTestExecutionListener]
2019-08-28 17:53:02 [main][SpringBootTestContextBootstrapper][177][INFO ]- Using TestExecutionListeners: [org.springframework.test.context.web.ServletTestExecutionListener@2177849e, org.springframework.test.context.support.DirtiesContextBeforeModesTestExecutionListener@40cb8df7, org.springframework.boot.test.mock.mockito.MockitoTestExecutionListener@13b13b5d, org.springframework.boot.test.autoconfigure.SpringBootDependencyInjectionTestExecutionListener@2892dae4, org.springframework.test.context.support.DirtiesContextTestExecutionListener@355ce81c, org.springframework.test.context.transaction.TransactionalTestExecutionListener@29647f75, org.springframework.test.context.jdbc.SqlScriptsTestExecutionListener@3315d2d7, org.springframework.boot.test.mock.mockito.ResetMocksTestExecutionListener@d6e7bab, org.springframework.boot.test.autoconfigure.restdocs.RestDocsTestExecutionListener@5fa07e12, org.springframework.boot.test.autoconfigure.web.client.MockRestServiceServerResetTestExecutionListener@55b53d44, org.springframework.boot.test.autoconfigure.web.servlet.MockMvcPrintOnlyOnFailureTestExecutionListener@482bce4f, org.springframework.boot.test.autoconfigure.web.servlet.WebDriverTestExecutionListener@366647c2]
2019-08-28 17:53:03 [main][WeChatUserAccountInfoDaoTest][50][INFO ]- Starting WeChatUserAccountInfoDaoTest on weiyoujingtingshan.local with PID 9012 (started by Haoyu in /Users/Haoyu/Documents/authorize/authorize)
2019-08-28 17:53:03 [main][WeChatUserAccountInfoDaoTest][651][INFO ]- The following profiles are active: dev
2019-08-28 17:53:08 [main][ThreadPoolTaskExecutor][171][INFO ]- Initializing ExecutorService 'applicationTaskExecutor'
2019-08-28 17:53:09 [main][WelcomePageHandlerMapping][54][INFO ]- Adding welcome page: class path resource [static/index.html]
2019-08-28 17:53:09 [main][WeChatUserAccountInfoDaoTest][59][INFO ]- Started WeChatUserAccountInfoDaoTest in 7.558 seconds (JVM running for 10.554)
2019-08-28 17:53:10 [main][HikariDataSource][110][INFO ]- HikariPool-1 - Starting...
2019-08-28 17:53:10 [main][DriverDataSource][68][WARN ]- Registered driver with driverClassName=com.mysql.jdbc.Driver was not found, trying direct instantiation.
2019-08-28 17:53:10 [main][HikariDataSource][123][INFO ]- HikariPool-1 - Start completed.
2019-08-28 17:53:10 [Thread-2][ThreadPoolTaskExecutor][208][INFO ]- Shutting down ExecutorService 'applicationTaskExecutor'
2019-08-28 17:53:10 [Thread-2][HikariDataSource][350][INFO ]- HikariPool-1 - Shutdown initiated...
2019-08-28 17:53:10 [Thread-2][HikariDataSource][352][INFO ]- HikariPool-1 - Shutdown completed.
2019-08-28 17:56:30 [main][SpringBootTestContextBootstrapper][308][INFO ]- Neither @ContextConfiguration nor @ContextHierarchy found for test class [com.example.authorize.daotest.WeChatUserAccountInfoDaoTest], using SpringBootContextLoader
2019-08-28 17:56:30 [main][AbstractContextLoader][264][INFO ]- Could not detect default resource locations for test class [com.example.authorize.daotest.WeChatUserAccountInfoDaoTest]: no resource found for suffixes {-context.xml, Context.groovy}.
2019-08-28 17:56:30 [main][AnnotationConfigContextLoaderUtils][83][INFO ]- Could not detect default configuration classes for test class [com.example.authorize.daotest.WeChatUserAccountInfoDaoTest]: WeChatUserAccountInfoDaoTest does not declare any static, non-private, non-final, nested classes annotated with @Configuration.
2019-08-28 17:56:30 [main][SpringBootTestContextBootstrapper][235][INFO ]- Found @SpringBootConfiguration com.example.authorize.AuthorizeApplication for test class com.example.authorize.daotest.WeChatUserAccountInfoDaoTest
2019-08-28 17:56:30 [main][SpringBootTestContextBootstrapper][248][INFO ]- Loaded default TestExecutionListener class names from location [META-INF/spring.factories]: [org.springframework.boot.test.mock.mockito.MockitoTestExecutionListener, org.springframework.boot.test.mock.mockito.ResetMocksTestExecutionListener, org.springframework.boot.test.autoconfigure.restdocs.RestDocsTestExecutionListener, org.springframework.boot.test.autoconfigure.web.client.MockRestServiceServerResetTestExecutionListener, org.springframework.boot.test.autoconfigure.web.servlet.MockMvcPrintOnlyOnFailureTestExecutionListener, org.springframework.boot.test.autoconfigure.web.servlet.WebDriverTestExecutionListener, org.springframework.test.context.web.ServletTestExecutionListener, org.springframework.test.context.support.DirtiesContextBeforeModesTestExecutionListener, org.springframework.test.context.support.DependencyInjectionTestExecutionListener, org.springframework.test.context.support.DirtiesContextTestExecutionListener, org.springframework.test.context.transaction.TransactionalTestExecutionListener, org.springframework.test.context.jdbc.SqlScriptsTestExecutionListener]
2019-08-28 17:56:30 [main][SpringBootTestContextBootstrapper][177][INFO ]- Using TestExecutionListeners: [org.springframework.test.context.web.ServletTestExecutionListener@3541cb24, org.springframework.test.context.support.DirtiesContextBeforeModesTestExecutionListener@2177849e, org.springframework.boot.test.mock.mockito.MockitoTestExecutionListener@40cb8df7, org.springframework.boot.test.autoconfigure.SpringBootDependencyInjectionTestExecutionListener@13b13b5d, org.springframework.test.context.support.DirtiesContextTestExecutionListener@2892dae4, org.springframework.test.context.transaction.TransactionalTestExecutionListener@355ce81c, org.springframework.test.context.jdbc.SqlScriptsTestExecutionListener@29647f75, org.springframework.boot.test.mock.mockito.ResetMocksTestExecutionListener@3315d2d7, org.springframework.boot.test.autoconfigure.restdocs.RestDocsTestExecutionListener@d6e7bab, org.springframework.boot.test.autoconfigure.web.client.MockRestServiceServerResetTestExecutionListener@5fa07e12, org.springframework.boot.test.autoconfigure.web.servlet.MockMvcPrintOnlyOnFailureTestExecutionListener@55b53d44, org.springframework.boot.test.autoconfigure.web.servlet.WebDriverTestExecutionListener@482bce4f]
2019-08-28 17:56:32 [main][WeChatUserAccountInfoDaoTest][50][INFO ]- Starting WeChatUserAccountInfoDaoTest on weiyoujingtingshan.local with PID 9034 (started by Haoyu in /Users/Haoyu/Documents/authorize/authorize)
2019-08-28 17:56:32 [main][WeChatUserAccountInfoDaoTest][651][INFO ]- The following profiles are active: dev
2019-08-28 17:56:36 [main][ThreadPoolTaskExecutor][171][INFO ]- Initializing ExecutorService 'applicationTaskExecutor'
2019-08-28 17:56:36 [main][WelcomePageHandlerMapping][54][INFO ]- Adding welcome page: class path resource [static/index.html]
2019-08-28 17:56:36 [main][WeChatUserAccountInfoDaoTest][59][INFO ]- Started WeChatUserAccountInfoDaoTest in 5.821 seconds (JVM running for 8.323)
2019-08-28 17:56:37 [main][HikariDataSource][110][INFO ]- HikariPool-1 - Starting...
2019-08-28 17:56:37 [main][DriverDataSource][68][WARN ]- Registered driver with driverClassName=com.mysql.jdbc.Driver was not found, trying direct instantiation.
2019-08-28 17:56:37 [main][HikariDataSource][123][INFO ]- HikariPool-1 - Start completed.
2019-08-28 17:56:37 [Thread-2][ThreadPoolTaskExecutor][208][INFO ]- Shutting down ExecutorService 'applicationTaskExecutor'
2019-08-28 17:56:37 [Thread-2][HikariDataSource][350][INFO ]- HikariPool-1 - Shutdown initiated...
2019-08-28 17:56:37 [Thread-2][HikariDataSource][352][INFO ]- HikariPool-1 - Shutdown completed.
2019-08-28 18:00:08 [main][SpringBootTestContextBootstrapper][308][INFO ]- Neither @ContextConfiguration nor @ContextHierarchy found for test class [com.example.authorize.daotest.WeChatUserAccountInfoDaoTest], using SpringBootContextLoader
2019-08-28 18:00:08 [main][AbstractContextLoader][264][INFO ]- Could not detect default resource locations for test class [com.example.authorize.daotest.WeChatUserAccountInfoDaoTest]: no resource found for suffixes {-context.xml, Context.groovy}.
2019-08-28 18:00:08 [main][AnnotationConfigContextLoaderUtils][83][INFO ]- Could not detect default configuration classes for test class [com.example.authorize.daotest.WeChatUserAccountInfoDaoTest]: WeChatUserAccountInfoDaoTest does not declare any static, non-private, non-final, nested classes annotated with @Configuration.
2019-08-28 18:00:09 [main][SpringBootTestContextBootstrapper][235][INFO ]- Found @SpringBootConfiguration com.example.authorize.AuthorizeApplication for test class com.example.authorize.daotest.WeChatUserAccountInfoDaoTest
2019-08-28 18:00:09 [main][SpringBootTestContextBootstrapper][248][INFO ]- Loaded default TestExecutionListener class names from location [META-INF/spring.factories]: [org.springframework.boot.test.mock.mockito.MockitoTestExecutionListener, org.springframework.boot.test.mock.mockito.ResetMocksTestExecutionListener, org.springframework.boot.test.autoconfigure.restdocs.RestDocsTestExecutionListener, org.springframework.boot.test.autoconfigure.web.client.MockRestServiceServerResetTestExecutionListener, org.springframework.boot.test.autoconfigure.web.servlet.MockMvcPrintOnlyOnFailureTestExecutionListener, org.springframework.boot.test.autoconfigure.web.servlet.WebDriverTestExecutionListener, org.springframework.test.context.web.ServletTestExecutionListener, org.springframework.test.context.support.DirtiesContextBeforeModesTestExecutionListener, org.springframework.test.context.support.DependencyInjectionTestExecutionListener, org.springframework.test.context.support.DirtiesContextTestExecutionListener, org.springframework.test.context.transaction.TransactionalTestExecutionListener, org.springframework.test.context.jdbc.SqlScriptsTestExecutionListener]
2019-08-28 18:00:09 [main][SpringBootTestContextBootstrapper][177][INFO ]- Using TestExecutionListeners: [org.springframework.test.context.web.ServletTestExecutionListener@5939a379, org.springframework.test.context.support.DirtiesContextBeforeModesTestExecutionListener@e1de817, org.springframework.boot.test.mock.mockito.MockitoTestExecutionListener@52102734, org.springframework.boot.test.autoconfigure.SpringBootDependencyInjectionTestExecutionListener@3541cb24, org.springframework.test.context.support.DirtiesContextTestExecutionListener@2177849e, org.springframework.test.context.transaction.TransactionalTestExecutionListener@40cb8df7, org.springframework.test.context.jdbc.SqlScriptsTestExecutionListener@13b13b5d, org.springframework.boot.test.mock.mockito.ResetMocksTestExecutionListener@2892dae4, org.springframework.boot.test.autoconfigure.restdocs.RestDocsTestExecutionListener@355ce81c, org.springframework.boot.test.autoconfigure.web.client.MockRestServiceServerResetTestExecutionListener@29647f75, org.springframework.boot.test.autoconfigure.web.servlet.MockMvcPrintOnlyOnFailureTestExecutionListener@3315d2d7, org.springframework.boot.test.autoconfigure.web.servlet.WebDriverTestExecutionListener@d6e7bab]
2019-08-28 18:00:11 [main][WeChatUserAccountInfoDaoTest][50][INFO ]- Starting WeChatUserAccountInfoDaoTest on weiyoujingtingshan.local with PID 9098 (started by Haoyu in /Users/Haoyu/Documents/authorize/authorize)
2019-08-28 18:00:11 [main][WeChatUserAccountInfoDaoTest][651][INFO ]- The following profiles are active: dev
2019-08-28 18:00:18 [main][ThreadPoolTaskExecutor][171][INFO ]- Initializing ExecutorService 'applicationTaskExecutor'
2019-08-28 18:00:18 [main][WelcomePageHandlerMapping][54][INFO ]- Adding welcome page: class path resource [static/index.html]
2019-08-28 18:00:19 [main][WeChatUserAccountInfoDaoTest][59][INFO ]- Started WeChatUserAccountInfoDaoTest in 9.613 seconds (JVM running for 13.654)
2019-08-28 18:00:20 [main][HikariDataSource][110][INFO ]- HikariPool-1 - Starting...
2019-08-28 18:00:20 [main][DriverDataSource][68][WARN ]- Registered driver with driverClassName=com.mysql.jdbc.Driver was not found, trying direct instantiation.
2019-08-28 18:00:21 [main][HikariDataSource][123][INFO ]- HikariPool-1 - Start completed.
2019-08-28 18:00:21 [Thread-2][ThreadPoolTaskExecutor][208][INFO ]- Shutting down ExecutorService 'applicationTaskExecutor'
2019-08-28 18:00:21 [Thread-2][HikariDataSource][350][INFO ]- HikariPool-1 - Shutdown initiated...
2019-08-28 18:00:21 [Thread-2][HikariDataSource][352][INFO ]- HikariPool-1 - Shutdown completed.
2019-08-28 18:01:07 [main][SpringBootTestContextBootstrapper][308][INFO ]- Neither @ContextConfiguration nor @ContextHierarchy found for test class [com.example.authorize.daotest.WeChatUserAccountInfoDaoTest], using SpringBootContextLoader
2019-08-28 18:01:07 [main][AbstractContextLoader][264][INFO ]- Could not detect default resource locations for test class [com.example.authorize.daotest.WeChatUserAccountInfoDaoTest]: no resource found for suffixes {-context.xml, Context.groovy}.
2019-08-28 18:01:07 [main][AnnotationConfigContextLoaderUtils][83][INFO ]- Could not detect default configuration classes for test class [com.example.authorize.daotest.WeChatUserAccountInfoDaoTest]: WeChatUserAccountInfoDaoTest does not declare any static, non-private, non-final, nested classes annotated with @Configuration.
2019-08-28 18:01:07 [main][SpringBootTestContextBootstrapper][235][INFO ]- Found @SpringBootConfiguration com.example.authorize.AuthorizeApplication for test class com.example.authorize.daotest.WeChatUserAccountInfoDaoTest
2019-08-28 18:01:07 [main][SpringBootTestContextBootstrapper][248][INFO ]- Loaded default TestExecutionListener class names from location [META-INF/spring.factories]: [org.springframework.boot.test.mock.mockito.MockitoTestExecutionListener, org.springframework.boot.test.mock.mockito.ResetMocksTestExecutionListener, org.springframework.boot.test.autoconfigure.restdocs.RestDocsTestExecutionListener, org.springframework.boot.test.autoconfigure.web.client.MockRestServiceServerResetTestExecutionListener, org.springframework.boot.test.autoconfigure.web.servlet.MockMvcPrintOnlyOnFailureTestExecutionListener, org.springframework.boot.test.autoconfigure.web.servlet.WebDriverTestExecutionListener, org.springframework.test.context.web.ServletTestExecutionListener, org.springframework.test.context.support.DirtiesContextBeforeModesTestExecutionListener, org.springframework.test.context.support.DependencyInjectionTestExecutionListener, org.springframework.test.context.support.DirtiesContextTestExecutionListener, org.springframework.test.context.transaction.TransactionalTestExecutionListener, org.springframework.test.context.jdbc.SqlScriptsTestExecutionListener]
2019-08-28 18:01:07 [main][SpringBootTestContextBootstrapper][177][INFO ]- Using TestExecutionListeners: [org.springframework.test.context.web.ServletTestExecutionListener@2177849e, org.springframework.test.context.support.DirtiesContextBeforeModesTestExecutionListener@40cb8df7, org.springframework.boot.test.mock.mockito.MockitoTestExecutionListener@13b13b5d, org.springframework.boot.test.autoconfigure.SpringBootDependencyInjectionTestExecutionListener@2892dae4, org.springframework.test.context.support.DirtiesContextTestExecutionListener@355ce81c, org.springframework.test.context.transaction.TransactionalTestExecutionListener@29647f75, org.springframework.test.context.jdbc.SqlScriptsTestExecutionListener@3315d2d7, org.springframework.boot.test.mock.mockito.ResetMocksTestExecutionListener@d6e7bab, org.springframework.boot.test.autoconfigure.restdocs.RestDocsTestExecutionListener@5fa07e12, org.springframework.boot.test.autoconfigure.web.client.MockRestServiceServerResetTestExecutionListener@55b53d44, org.springframework.boot.test.autoconfigure.web.servlet.MockMvcPrintOnlyOnFailureTestExecutionListener@482bce4f, org.springframework.boot.test.autoconfigure.web.servlet.WebDriverTestExecutionListener@366647c2]
2019-08-28 18:01:08 [main][WeChatUserAccountInfoDaoTest][50][INFO ]- Starting WeChatUserAccountInfoDaoTest on weiyoujingtingshan.local with PID 9108 (started by Haoyu in /Users/Haoyu/Documents/authorize/authorize)
2019-08-28 18:01:08 [main][WeChatUserAccountInfoDaoTest][651][INFO ]- The following profiles are active: dev
2019-08-28 18:01:13 [main][ThreadPoolTaskExecutor][171][INFO ]- Initializing ExecutorService 'applicationTaskExecutor'
2019-08-28 18:01:13 [main][WelcomePageHandlerMapping][54][INFO ]- Adding welcome page: class path resource [static/index.html]
2019-08-28 18:01:13 [main][WeChatUserAccountInfoDaoTest][59][INFO ]- Started WeChatUserAccountInfoDaoTest in 5.912 seconds (JVM running for 7.788)
2019-08-28 18:01:14 [main][HikariDataSource][110][INFO ]- HikariPool-1 - Starting...
2019-08-28 18:01:14 [main][DriverDataSource][68][WARN ]- Registered driver with driverClassName=com.mysql.jdbc.Driver was not found, trying direct instantiation.
2019-08-28 18:01:14 [main][HikariDataSource][123][INFO ]- HikariPool-1 - Start completed.
2019-08-28 18:01:14 [Thread-2][ThreadPoolTaskExecutor][208][INFO ]- Shutting down ExecutorService 'applicationTaskExecutor'
2019-08-28 18:01:14 [Thread-2][HikariDataSource][350][INFO ]- HikariPool-1 - Shutdown initiated...
2019-08-28 18:01:14 [Thread-2][HikariDataSource][352][INFO ]- HikariPool-1 - Shutdown completed.
2019-08-28 18:01:26 [main][SpringBootTestContextBootstrapper][308][INFO ]- Neither @ContextConfiguration nor @ContextHierarchy found for test class [com.example.authorize.daotest.WeChatUserAccountInfoDaoTest], using SpringBootContextLoader
2019-08-28 18:01:26 [main][AbstractContextLoader][264][INFO ]- Could not detect default resource locations for test class [com.example.authorize.daotest.WeChatUserAccountInfoDaoTest]: no resource found for suffixes {-context.xml, Context.groovy}.
2019-08-28 18:01:26 [main][AnnotationConfigContextLoaderUtils][83][INFO ]- Could not detect default configuration classes for test class [com.example.authorize.daotest.WeChatUserAccountInfoDaoTest]: WeChatUserAccountInfoDaoTest does not declare any static, non-private, non-final, nested classes annotated with @Configuration.
2019-08-28 18:01:27 [main][SpringBootTestContextBootstrapper][235][INFO ]- Found @SpringBootConfiguration com.example.authorize.AuthorizeApplication for test class com.example.authorize.daotest.WeChatUserAccountInfoDaoTest
2019-08-28 18:01:27 [main][SpringBootTestContextBootstrapper][248][INFO ]- Loaded default TestExecutionListener class names from location [META-INF/spring.factories]: [org.springframework.boot.test.mock.mockito.MockitoTestExecutionListener, org.springframework.boot.test.mock.mockito.ResetMocksTestExecutionListener, org.springframework.boot.test.autoconfigure.restdocs.RestDocsTestExecutionListener, org.springframework.boot.test.autoconfigure.web.client.MockRestServiceServerResetTestExecutionListener, org.springframework.boot.test.autoconfigure.web.servlet.MockMvcPrintOnlyOnFailureTestExecutionListener, org.springframework.boot.test.autoconfigure.web.servlet.WebDriverTestExecutionListener, org.springframework.test.context.web.ServletTestExecutionListener, org.springframework.test.context.support.DirtiesContextBeforeModesTestExecutionListener, org.springframework.test.context.support.DependencyInjectionTestExecutionListener, org.springframework.test.context.support.DirtiesContextTestExecutionListener, org.springframework.test.context.transaction.TransactionalTestExecutionListener, org.springframework.test.context.jdbc.SqlScriptsTestExecutionListener]
2019-08-28 18:01:27 [main][SpringBootTestContextBootstrapper][177][INFO ]- Using TestExecutionListeners: [org.springframework.test.context.web.ServletTestExecutionListener@2177849e, org.springframework.test.context.support.DirtiesContextBeforeModesTestExecutionListener@40cb8df7, org.springframework.boot.test.mock.mockito.MockitoTestExecutionListener@13b13b5d, org.springframework.boot.test.autoconfigure.SpringBootDependencyInjectionTestExecutionListener@2892dae4, org.springframework.test.context.support.DirtiesContextTestExecutionListener@355ce81c, org.springframework.test.context.transaction.TransactionalTestExecutionListener@29647f75, org.springframework.test.context.jdbc.SqlScriptsTestExecutionListener@3315d2d7, org.springframework.boot.test.mock.mockito.ResetMocksTestExecutionListener@d6e7bab, org.springframework.boot.test.autoconfigure.restdocs.RestDocsTestExecutionListener@5fa07e12, org.springframework.boot.test.autoconfigure.web.client.MockRestServiceServerResetTestExecutionListener@55b53d44, org.springframework.boot.test.autoconfigure.web.servlet.MockMvcPrintOnlyOnFailureTestExecutionListener@482bce4f, org.springframework.boot.test.autoconfigure.web.servlet.WebDriverTestExecutionListener@366647c2]
2019-08-28 18:01:28 [main][WeChatUserAccountInfoDaoTest][50][INFO ]- Starting WeChatUserAccountInfoDaoTest on weiyoujingtingshan.local with PID 9114 (started by Haoyu in /Users/Haoyu/Documents/authorize/authorize)
2019-08-28 18:01:28 [main][WeChatUserAccountInfoDaoTest][651][INFO ]- The following profiles are active: dev
2019-08-28 18:01:32 [main][ThreadPoolTaskExecutor][171][INFO ]- Initializing ExecutorService 'applicationTaskExecutor'
2019-08-28 18:01:32 [main][WelcomePageHandlerMapping][54][INFO ]- Adding welcome page: class path resource [static/index.html]
2019-08-28 18:01:33 [main][WeChatUserAccountInfoDaoTest][59][INFO ]- Started WeChatUserAccountInfoDaoTest in 5.249 seconds (JVM running for 7.275)
2019-08-28 18:01:33 [main][HikariDataSource][110][INFO ]- HikariPool-1 - Starting...
2019-08-28 18:01:33 [main][DriverDataSource][68][WARN ]- Registered driver with driverClassName=com.mysql.jdbc.Driver was not found, trying direct instantiation.
2019-08-28 18:01:33 [main][HikariDataSource][123][INFO ]- HikariPool-1 - Start completed.
2019-08-28 18:01:33 [Thread-2][ThreadPoolTaskExecutor][208][INFO ]- Shutting down ExecutorService 'applicationTaskExecutor'
2019-08-28 18:01:33 [Thread-2][HikariDataSource][350][INFO ]- HikariPool-1 - Shutdown initiated...
2019-08-28 18:01:33 [Thread-2][HikariDataSource][352][INFO ]- HikariPool-1 - Shutdown completed.
2019-08-28 18:01:45 [main][SpringBootTestContextBootstrapper][308][INFO ]- Neither @ContextConfiguration nor @ContextHierarchy found for test class [com.example.authorize.daotest.WeChatUserAccountInfoDaoTest], using SpringBootContextLoader
2019-08-28 18:01:45 [main][AbstractContextLoader][264][INFO ]- Could not detect default resource locations for test class [com.example.authorize.daotest.WeChatUserAccountInfoDaoTest]: no resource found for suffixes {-context.xml, Context.groovy}.
2019-08-28 18:01:45 [main][AnnotationConfigContextLoaderUtils][83][INFO ]- Could not detect default configuration classes for test class [com.example.authorize.daotest.WeChatUserAccountInfoDaoTest]: WeChatUserAccountInfoDaoTest does not declare any static, non-private, non-final, nested classes annotated with @Configuration.
2019-08-28 18:01:45 [main][SpringBootTestContextBootstrapper][235][INFO ]- Found @SpringBootConfiguration com.example.authorize.AuthorizeApplication for test class com.example.authorize.daotest.WeChatUserAccountInfoDaoTest
2019-08-28 18:01:45 [main][SpringBootTestContextBootstrapper][248][INFO ]- Loaded default TestExecutionListener class names from location [META-INF/spring.factories]: [org.springframework.boot.test.mock.mockito.MockitoTestExecutionListener, org.springframework.boot.test.mock.mockito.ResetMocksTestExecutionListener, org.springframework.boot.test.autoconfigure.restdocs.RestDocsTestExecutionListener, org.springframework.boot.test.autoconfigure.web.client.MockRestServiceServerResetTestExecutionListener, org.springframework.boot.test.autoconfigure.web.servlet.MockMvcPrintOnlyOnFailureTestExecutionListener, org.springframework.boot.test.autoconfigure.web.servlet.WebDriverTestExecutionListener, org.springframework.test.context.web.ServletTestExecutionListener, org.springframework.test.context.support.DirtiesContextBeforeModesTestExecutionListener, org.springframework.test.context.support.DependencyInjectionTestExecutionListener, org.springframework.test.context.support.DirtiesContextTestExecutionListener, org.springframework.test.context.transaction.TransactionalTestExecutionListener, org.springframework.test.context.jdbc.SqlScriptsTestExecutionListener]
2019-08-28 18:01:45 [main][SpringBootTestContextBootstrapper][177][INFO ]- Using TestExecutionListeners: [org.springframework.test.context.web.ServletTestExecutionListener@2177849e, org.springframework.test.context.support.DirtiesContextBeforeModesTestExecutionListener@40cb8df7, org.springframework.boot.test.mock.mockito.MockitoTestExecutionListener@13b13b5d, org.springframework.boot.test.autoconfigure.SpringBootDependencyInjectionTestExecutionListener@2892dae4, org.springframework.test.context.support.DirtiesContextTestExecutionListener@355ce81c, org.springframework.test.context.transaction.TransactionalTestExecutionListener@29647f75, org.springframework.test.context.jdbc.SqlScriptsTestExecutionListener@3315d2d7, org.springframework.boot.test.mock.mockito.ResetMocksTestExecutionListener@d6e7bab, org.springframework.boot.test.autoconfigure.restdocs.RestDocsTestExecutionListener@5fa07e12, org.springframework.boot.test.autoconfigure.web.client.MockRestServiceServerResetTestExecutionListener@55b53d44, org.springframework.boot.test.autoconfigure.web.servlet.MockMvcPrintOnlyOnFailureTestExecutionListener@482bce4f, org.springframework.boot.test.autoconfigure.web.servlet.WebDriverTestExecutionListener@366647c2]
2019-08-28 18:01:46 [main][WeChatUserAccountInfoDaoTest][50][INFO ]- Starting WeChatUserAccountInfoDaoTest on weiyoujingtingshan.local with PID 9118 (started by Haoyu in /Users/Haoyu/Documents/authorize/authorize)
2019-08-28 18:01:46 [main][WeChatUserAccountInfoDaoTest][651][INFO ]- The following profiles are active: dev
2019-08-28 18:01:50 [main][ThreadPoolTaskExecutor][171][INFO ]- Initializing ExecutorService 'applicationTaskExecutor'
2019-08-28 18:01:50 [main][WelcomePageHandlerMapping][54][INFO ]- Adding welcome page: class path resource [static/index.html]
2019-08-28 18:01:51 [main][WeChatUserAccountInfoDaoTest][59][INFO ]- Started WeChatUserAccountInfoDaoTest in 5.31 seconds (JVM running for 7.317)
2019-08-28 18:01:51 [main][HikariDataSource][110][INFO ]- HikariPool-1 - Starting...
2019-08-28 18:01:51 [main][DriverDataSource][68][WARN ]- Registered driver with driverClassName=com.mysql.jdbc.Driver was not found, trying direct instantiation.
2019-08-28 18:01:51 [main][HikariDataSource][123][INFO ]- HikariPool-1 - Start completed.
2019-08-28 18:01:52 [Thread-2][ThreadPoolTaskExecutor][208][INFO ]- Shutting down ExecutorService 'applicationTaskExecutor'
2019-08-28 18:01:52 [Thread-2][HikariDataSource][350][INFO ]- HikariPool-1 - Shutdown initiated...
2019-08-28 18:01:52 [Thread-2][HikariDataSource][352][INFO ]- HikariPool-1 - Shutdown completed.
2019-08-28 18:02:11 [main][SpringBootTestContextBootstrapper][308][INFO ]- Neither @ContextConfiguration nor @ContextHierarchy found for test class [com.example.authorize.daotest.WeChatUserAccountInfoDaoTest], using SpringBootContextLoader
2019-08-28 18:02:11 [main][AbstractContextLoader][264][INFO ]- Could not detect default resource locations for test class [com.example.authorize.daotest.WeChatUserAccountInfoDaoTest]: no resource found for suffixes {-context.xml, Context.groovy}.
2019-08-28 18:02:11 [main][AnnotationConfigContextLoaderUtils][83][INFO ]- Could not detect default configuration classes for test class [com.example.authorize.daotest.WeChatUserAccountInfoDaoTest]: WeChatUserAccountInfoDaoTest does not declare any static, non-private, non-final, nested classes annotated with @Configuration.
2019-08-28 18:02:11 [main][SpringBootTestContextBootstrapper][235][INFO ]- Found @SpringBootConfiguration com.example.authorize.AuthorizeApplication for test class com.example.authorize.daotest.WeChatUserAccountInfoDaoTest
2019-08-28 18:02:11 [main][SpringBootTestContextBootstrapper][248][INFO ]- Loaded default TestExecutionListener class names from location [META-INF/spring.factories]: [org.springframework.boot.test.mock.mockito.MockitoTestExecutionListener, org.springframework.boot.test.mock.mockito.ResetMocksTestExecutionListener, org.springframework.boot.test.autoconfigure.restdocs.RestDocsTestExecutionListener, org.springframework.boot.test.autoconfigure.web.client.MockRestServiceServerResetTestExecutionListener, org.springframework.boot.test.autoconfigure.web.servlet.MockMvcPrintOnlyOnFailureTestExecutionListener, org.springframework.boot.test.autoconfigure.web.servlet.WebDriverTestExecutionListener, org.springframework.test.context.web.ServletTestExecutionListener, org.springframework.test.context.support.DirtiesContextBeforeModesTestExecutionListener, org.springframework.test.context.support.DependencyInjectionTestExecutionListener, org.springframework.test.context.support.DirtiesContextTestExecutionListener, org.springframework.test.context.transaction.TransactionalTestExecutionListener, org.springframework.test.context.jdbc.SqlScriptsTestExecutionListener]
2019-08-28 18:02:11 [main][SpringBootTestContextBootstrapper][177][INFO ]- Using TestExecutionListeners: [org.springframework.test.context.web.ServletTestExecutionListener@5939a379, org.springframework.test.context.support.DirtiesContextBeforeModesTestExecutionListener@e1de817, org.springframework.boot.test.mock.mockito.MockitoTestExecutionListener@52102734, org.springframework.boot.test.autoconfigure.SpringBootDependencyInjectionTestExecutionListener@3541cb24, org.springframework.test.context.support.DirtiesContextTestExecutionListener@2177849e, org.springframework.test.context.transaction.TransactionalTestExecutionListener@40cb8df7, org.springframework.test.context.jdbc.SqlScriptsTestExecutionListener@13b13b5d, org.springframework.boot.test.mock.mockito.ResetMocksTestExecutionListener@2892dae4, org.springframework.boot.test.autoconfigure.restdocs.RestDocsTestExecutionListener@355ce81c, org.springframework.boot.test.autoconfigure.web.client.MockRestServiceServerResetTestExecutionListener@29647f75, org.springframework.boot.test.autoconfigure.web.servlet.MockMvcPrintOnlyOnFailureTestExecutionListener@3315d2d7, org.springframework.boot.test.autoconfigure.web.servlet.WebDriverTestExecutionListener@d6e7bab]
2019-08-28 18:02:13 [main][WeChatUserAccountInfoDaoTest][50][INFO ]- Starting WeChatUserAccountInfoDaoTest on weiyoujingtingshan.local with PID 9122 (started by Haoyu in /Users/Haoyu/Documents/authorize/authorize)
2019-08-28 18:02:13 [main][WeChatUserAccountInfoDaoTest][651][INFO ]- The following profiles are active: dev
2019-08-28 18:02:20 [main][ThreadPoolTaskExecutor][171][INFO ]- Initializing ExecutorService 'applicationTaskExecutor'
2019-08-28 18:02:20 [main][WelcomePageHandlerMapping][54][INFO ]- Adding welcome page: class path resource [static/index.html]
2019-08-28 18:02:21 [main][WeChatUserAccountInfoDaoTest][59][INFO ]- Started WeChatUserAccountInfoDaoTest in 9.984 seconds (JVM running for 12.75)
2019-08-28 18:02:23 [main][HikariDataSource][110][INFO ]- HikariPool-1 - Starting...
2019-08-28 18:02:23 [main][DriverDataSource][68][WARN ]- Registered driver with driverClassName=com.mysql.jdbc.Driver was not found, trying direct instantiation.
2019-08-28 18:02:23 [main][HikariDataSource][123][INFO ]- HikariPool-1 - Start completed.
2019-08-28 18:02:23 [Thread-2][ThreadPoolTaskExecutor][208][INFO ]- Shutting down ExecutorService 'applicationTaskExecutor'
2019-08-28 18:02:23 [Thread-2][HikariDataSource][350][INFO ]- HikariPool-1 - Shutdown initiated...
2019-08-28 18:02:23 [Thread-2][HikariDataSource][352][INFO ]- HikariPool-1 - Shutdown completed.
